<?xml version="1.0" encoding="UTF-8"?>
<!-- Generated by org.testng.reporters.JUnitReportReporter -->
<testsuite hostname="DESKTOP-2NPE196" failures="0" tests="1" name="com.myntraProjectFinalUpdated1.App" time="25.788" errors="0" timestamp="2023-07-10T14:12:11 IST" skipped="0">
  <testcase classname="com.myntraProjectFinalUpdated1.App" name="search" time="25.788"/>
  <system-out/>
</testsuite> <!-- com.myntraProjectFinalUpdated1.App -->
