<?xml version="1.0" encoding="UTF-8"?>
<!-- Generated by org.testng.reporters.JUnitReportReporter -->
<testsuite hostname="DESKTOP-2NPE196" failures="0" tests="1" name="com.myntraProjectFinalUpdated1.App" time="23.295" errors="0" timestamp="2023-08-07T10:49:45 IST" skipped="0">
  <testcase classname="com.myntraProjectFinalUpdated1.App" name="search" time="23.295"/>
  <system-out/>
</testsuite> <!-- com.myntraProjectFinalUpdated1.App -->
