<?xml version="1.0" encoding="UTF-8"?>
<!-- Generated by org.testng.reporters.JUnitReportReporter -->
<testsuite hostname="DESKTOP-2NPE196" failures="0" tests="1" name="com.myntraProjectFinalUpdated1.App" time="24.431" errors="0" timestamp="2023-07-27T12:30:26 IST" skipped="0">
  <testcase classname="com.myntraProjectFinalUpdated1.App" name="search" time="24.431"/>
  <system-out/>
</testsuite> <!-- com.myntraProjectFinalUpdated1.App -->
