<?xml version="1.0" encoding="UTF-8"?>
<!-- Generated by org.testng.reporters.JUnitReportReporter -->
<testsuite hostname="DESKTOP-2NPE196" failures="0" tests="1" name="com.myntraProjectFinalUpdated1.App" time="20.748" errors="0" timestamp="2023-07-22T11:31:29 IST" skipped="0">
  <testcase classname="com.myntraProjectFinalUpdated1.App" name="search" time="20.748"/>
  <system-out/>
</testsuite> <!-- com.myntraProjectFinalUpdated1.App -->
