<?xml version="1.0" encoding="UTF-8"?>
<!-- Generated by org.testng.reporters.JUnitReportReporter -->
<testsuite hostname="DESKTOP-2NPE196" failures="0" tests="1" name="com.myntraProjectFinalUpdated1.App" time="42.966" errors="0" timestamp="2023-07-10T22:21:39 IST" skipped="0">
  <testcase classname="com.myntraProjectFinalUpdated1.App" name="search" time="42.966"/>
  <system-out/>
</testsuite> <!-- com.myntraProjectFinalUpdated1.App -->
